<?xml version="1.0" encoding="UTF-8"?>
<!-- Generated by org.testng.reporters.JUnitReportReporter -->
<testsuite hostname="HP-HP" name="executionEngine.NewTest" tests="1" failures="0" timestamp="18 Aug 2015 15:10:50 GMT" time="66.741" errors="0">
  <testcase name="f" time="66.741" classname="executionEngine.NewTest"/>
</testsuite> <!-- executionEngine.NewTest -->
