<?xml version="1.0" encoding="UTF-8"?>
<!-- Generated by org.testng.reporters.JUnitReportReporter -->
<testsuite hostname="HP-HP" name="com.crm.qa.Testcases.HomePageTest" tests="3" failures="0" timestamp="10 Mar 2018 16:16:15 GMT" time="69.248" errors="0">
  <testcase name="VerifyHomePageTitleTest" time="19.170" classname="com.crm.qa.Testcases.HomePageTest"/>
  <testcase name="VerifyUserNameTest" time="24.349" classname="com.crm.qa.Testcases.HomePageTest"/>
  <testcase name="VerifycontactsinkTest" time="25.729" classname="com.crm.qa.Testcases.HomePageTest"/>
</testsuite> <!-- com.crm.qa.Testcases.HomePageTest -->
