<?xml version="1.0" encoding="UTF-8"?>
<!-- Generated by org.testng.reporters.JUnitReportReporter -->
<testsuite hostname="HP-HP" name="com.crm.qa.Testcases.ContactsPageTests" tests="5" failures="0" timestamp="10 Mar 2018 16:16:15 GMT" time="132.661" errors="0">
  <testcase name="verifycontactlabeltest" time="26.713" classname="com.crm.qa.Testcases.ContactsPageTests"/>
  <testcase name="validateCreateNewContact" time="25.562" classname="com.crm.qa.Testcases.ContactsPageTests"/>
  <testcase name="verifycontacttests" time="21.021" classname="com.crm.qa.Testcases.ContactsPageTests"/>
  <testcase name="validateCreateNewContact" time="28.084" classname="com.crm.qa.Testcases.ContactsPageTests"/>
  <testcase name="validateCreateNewContact" time="31.281" classname="com.crm.qa.Testcases.ContactsPageTests"/>
</testsuite> <!-- com.crm.qa.Testcases.ContactsPageTests -->
