<?xml version="1.0" encoding="UTF-8"?>
<!-- Generated by org.testng.reporters.JUnitReportReporter -->
<testsuite hostname="HP-HP" name="com.crm.qa.Testcases.LoginPageTest" tests="3" failures="0" timestamp="11 Mar 2018 17:37:28 GMT" time="37.307" errors="0">
  <testcase name="Logo" time="7.886" classname="com.crm.qa.Testcases.LoginPageTest"/>
  <testcase name="loginpagetitle" time="8.670" classname="com.crm.qa.Testcases.LoginPageTest"/>
  <testcase name="LoginTest" time="20.751" classname="com.crm.qa.Testcases.LoginPageTest"/>
</testsuite> <!-- com.crm.qa.Testcases.LoginPageTest -->
