<?xml version="1.0" encoding="UTF-8"?>
<!-- Generated by org.testng.reporters.JUnitReportReporter -->
<testsuite skipped="0" hostname="HP-HP" name="com.crm.qa.Testcases.HomePageTest" tests="3" failures="0" timestamp="12 Mar 2018 17:24:42 GMT" time="79.173" errors="0">
  <testcase name="VerifyHomePageTitleTest" time="30.993" classname="com.crm.qa.Testcases.HomePageTest"/>
  <testcase name="VerifycontactsinkTest" time="21.140" classname="com.crm.qa.Testcases.HomePageTest"/>
  <testcase name="VerifyUserNameTest" time="27.040" classname="com.crm.qa.Testcases.HomePageTest"/>
</testsuite> <!-- com.crm.qa.Testcases.HomePageTest -->
