<?xml version="1.0" encoding="UTF-8"?>
<!-- Generated by org.testng.reporters.JUnitReportReporter -->
<testsuite skipped="0" hostname="HP-HP" name="com.crm.qa.Testcases.ContactsPageTest" tests="5" failures="0" timestamp="12 Mar 2018 17:24:42 GMT" time="156.283" errors="0">
  <testcase name="verifycontacttests" time="26.050" classname="com.crm.qa.Testcases.ContactsPageTest"/>
  <testcase name="verifycontactlabeltest" time="33.871" classname="com.crm.qa.Testcases.ContactsPageTest"/>
  <testcase name="validateCreateNewContacttest" time="34.210" classname="com.crm.qa.Testcases.ContactsPageTest"/>
  <testcase name="validateCreateNewContacttest" time="31.570" classname="com.crm.qa.Testcases.ContactsPageTest"/>
  <testcase name="validateCreateNewContacttest" time="30.582" classname="com.crm.qa.Testcases.ContactsPageTest"/>
</testsuite> <!-- com.crm.qa.Testcases.ContactsPageTest -->
