<?xml version="1.0" encoding="UTF-8"?>
<!-- Generated by org.testng.reporters.JUnitReportReporter -->
<testsuite skipped="0" hostname="HP-HP" name="com.crm.qa.Testcases.LoginPageTest" tests="3" failures="0" timestamp="12 Mar 2018 17:24:42 GMT" time="39.712" errors="0">
  <testcase name="LoginTest" time="21.989" classname="com.crm.qa.Testcases.LoginPageTest"/>
  <testcase name="LogoTest" time="8.074" classname="com.crm.qa.Testcases.LoginPageTest"/>
  <testcase name="loginpagetitleTest" time="9.649" classname="com.crm.qa.Testcases.LoginPageTest"/>
</testsuite> <!-- com.crm.qa.Testcases.LoginPageTest -->
