<?xml version="1.0" encoding="UTF-8"?>
<!-- Generated by org.testng.reporters.JUnitReportReporter -->
<testsuite hostname="HP-HP" name="com.naukri.executionEngine.Alert_handling" tests="1" failures="0" timestamp="7 Feb 2018 16:31:43 GMT" time="7.760" errors="0">
  <testcase name="f" time="7.760" classname="com.naukri.executionEngine.Alert_handling"/>
</testsuite> <!-- com.naukri.executionEngine.Alert_handling -->
