<?xml version="1.0" encoding="UTF-8"?>
<!-- Generated by org.testng.reporters.JUnitReportReporter -->
<testsuite hostname="HP-HP" name="com.naukri.executionEngine.Dynamic_Webtable" tests="1" failures="0" timestamp="17 Feb 2018 19:38:44 GMT" time="25.772" errors="0">
  <testcase name="f" time="25.772" classname="com.naukri.executionEngine.Dynamic_Webtable"/>
</testsuite> <!-- com.naukri.executionEngine.Dynamic_Webtable -->
