<?xml version="1.0" encoding="UTF-8"?>
<!-- Generated by org.testng.reporters.JUnitReportReporter -->
<testsuite hostname="HP-HP" name="com.naukri.executionEngine.Handling_frame" tests="1" failures="0" timestamp="27 Feb 2018 17:16:02 GMT" time="22.624" errors="0">
  <testcase name="f" time="22.624" classname="com.naukri.executionEngine.Handling_frame"/>
</testsuite> <!-- com.naukri.executionEngine.Handling_frame -->
