<?xml version="1.0" encoding="UTF-8"?>
<!-- Generated by org.testng.reporters.JUnitReportReporter -->
<testsuite hostname="HP-HP" name="com.naukri.executionEngine.Window_alert" tests="1" failures="0" timestamp="7 Feb 2018 17:57:22 GMT" time="33.645" errors="0">
  <testcase name="f" time="33.645" classname="com.naukri.executionEngine.Window_alert"/>
</testsuite> <!-- com.naukri.executionEngine.Window_alert -->
