<?xml version="1.0" encoding="UTF-8"?>
<!-- Generated by org.testng.reporters.JUnitReportReporter -->
<testsuite hostname="HP-HP" name="com.naukri.executionEngine.Actions_class" tests="1" failures="0" timestamp="13 Mar 2018 18:35:10 GMT" time="38.286" errors="0">
  <testcase name="f" time="38.286" classname="com.naukri.executionEngine.Actions_class"/>
</testsuite> <!-- com.naukri.executionEngine.Actions_class -->
