<?xml version="1.0" encoding="UTF-8"?>
<!-- Generated by org.testng.reporters.JUnitReportReporter -->
<testsuite hostname="HP-HP" name="com.naukri.executionEngine.Logo_google" tests="1" failures="0" timestamp="8 Apr 2018 13:25:36 GMT" time="5.848" errors="0">
  <testcase name="Logo" time="5.848" classname="com.naukri.executionEngine.Logo_google"/>
</testsuite> <!-- com.naukri.executionEngine.Logo_google -->
