<?xml version="1.0" encoding="UTF-8"?>
<!-- Generated by org.testng.reporters.JUnitReportReporter -->
<testsuite hostname="HP-HP" name="com.naukri.executionEngine.DriverScript" tests="1" failures="0" timestamp="6 Feb 2018 15:39:54 GMT" time="29.956" errors="0">
  <testcase name="login" time="29.956" classname="com.naukri.executionEngine.DriverScript"/>
</testsuite> <!-- com.naukri.executionEngine.DriverScript -->
